<?xml version="1.0" encoding="UTF-8"?>
<!-- Generated by org.testng.reporters.JUnitReportReporter -->
<testsuite hostname="LAPTOP-LJIGLQGO" failures="0" tests="2" name="grouping.Parallelexample" time="8.715" errors="0" timestamp="2023-02-09T17:49:06 AST" skipped="0">
  <testcase classname="grouping.Parallelexample" name="amazonelogoTest" time="5.031"/>
  <system-out/>
  <testcase classname="grouping.Parallelexample" name="logoTest" time="3.684"/>
  <system-out/>
</testsuite> <!-- grouping.Parallelexample -->
