<?xml version="1.0" encoding="UTF-8"?>
<!-- Generated by org.testng.reporters.JUnitReportReporter -->
<testsuite hostname="LAPTOP-LJIGLQGO" failures="0" tests="2" name="grouping.GroupingExample" time="2.865" errors="0" timestamp="2023-02-01T18:22:34 AST" skipped="0">
  <testcase classname="grouping.GroupingExample" name="browserLaunch" time="2.862"/>
  <system-out/>
  <testcase classname="grouping.GroupingExample" name="print" time="0.003"/>
  <system-out/>
</testsuite> <!-- grouping.GroupingExample -->
