<?xml version="1.0" encoding="UTF-8"?>
<!-- Generated by org.testng.reporters.JUnitReportReporter -->
<testsuite hostname="LAPTOP-LJIGLQGO" failures="0" tests="1" name="grouping.FileUploadingExample" time="8.347" errors="0" timestamp="2023-02-09T18:33:11 AST" skipped="0">
  <testcase classname="grouping.FileUploadingExample" name="browserLaunch" time="8.347"/>
  <system-out/>
</testsuite> <!-- grouping.FileUploadingExample -->
