<?xml version="1.0" encoding="UTF-8"?>
<!-- Generated by org.testng.reporters.JUnitReportReporter -->
<testsuite hostname="LAPTOP-LJIGLQGO" failures="0" tests="1" name="grouping.FbScreenShot" time="3.431" errors="0" timestamp="2023-02-20T17:14:40 AST" skipped="0">
  <testcase classname="grouping.FbScreenShot" name="captureScreenshot" time="3.431"/>
  <system-out/>
</testsuite> <!-- grouping.FbScreenShot -->
