<?xml version="1.0" encoding="UTF-8"?>
<!-- Generated by org.testng.reporters.JUnitReportReporter -->
<testsuite hostname="LAPTOP-LJIGLQGO" failures="0" tests="2" name="grouping.ParallelExample2" time="8.750" errors="0" timestamp="2023-02-09T17:49:06 AST" skipped="0">
  <testcase classname="grouping.ParallelExample2" name="amazonelogoTest" time="4.939"/>
  <system-out/>
  <testcase classname="grouping.ParallelExample2" name="logoTest" time="3.811"/>
  <system-out/>
</testsuite> <!-- grouping.ParallelExample2 -->
