<?xml version="1.0" encoding="UTF-8"?>
<!-- Generated by org.testng.reporters.JUnitReportReporter -->
<testsuite hostname="LAPTOP-LJIGLQGO" failures="0" tests="3" name="grouping.DataProviderExample" time="16.372" errors="0" timestamp="2023-02-08T18:21:35 AST" skipped="0">
  <testcase classname="grouping.DataProviderExample" name="browserSetup" time="4.509"/>
  <system-out/>
  <testcase classname="grouping.DataProviderExample" name="browserSetup" time="5.939"/>
  <system-out/>
  <testcase classname="grouping.DataProviderExample" name="browserSetup" time="5.924"/>
  <system-out/>
</testsuite> <!-- grouping.DataProviderExample -->
