<?xml version="1.0" encoding="UTF-8"?>
<!-- Generated by org.testng.reporters.JUnitReportReporter -->
<testsuite hostname="LAPTOP-LJIGLQGO" failures="0" tests="3" name="grouping.ActionClass" time="18.721" errors="0" timestamp="2023-02-08T18:25:48 AST" skipped="0">
  <testcase classname="grouping.ActionClass" name="browserSetup" time="6.773"/>
  <system-out/>
  <testcase classname="grouping.ActionClass" name="browserSetup" time="5.283"/>
  <system-out/>
  <testcase classname="grouping.ActionClass" name="browserSetup" time="6.665"/>
  <system-out/>
</testsuite> <!-- grouping.ActionClass -->
